----------------------------------------
进入仓库:
拉取远程最新数据：
Already up-to-date.
构建html文件：

> my-website@0.0.0 build
> docusaurus build

[INFO] Website will be built for all these locales: 
- zh-Hans
- en
[INFO] [zh-Hans] Creating an optimized production build...
ℹ Compiling Client
ℹ Compiling Server
✔ Client: Compiled successfully in 2.38s
✔ Server: Compiled successfully in 4.88s
[SUCCESS] Generated static files in "build".
[INFO] [en] Creating an optimized production build...
ℹ Compiling Client
ℹ Compiling Server
✔ Client: Compiled successfully in 1.90s
✔ Server: Compiled successfully in 4.65s
[SUCCESS] Generated static files in "build/en".
[INFO] Use `npm run serve` command to test your build locally.
重启WEB服务器进程：
----------------------------------------
